<?xml version="1.0" encoding="UTF-8"?>
<testng-results ignored="0" total="2" passed="2" failed="0" skipped="0">
  <reporter-output>
  </reporter-output>
  <suite started-at="2024-03-25T18:09:19 IST" name="Default suite" finished-at="2024-03-25T18:10:29 IST" duration-ms="69748">
    <groups>
      <group name="cucumber">
        <method signature="AbstractTestNGCucumberTests.runScenario(io.cucumber.testng.PickleWrapper,io.cucumber.testng.FeatureWrapper)[pri:0, instance:Runnerpack.Runner@368247b9]" name="runScenario" class="io.cucumber.testng.AbstractTestNGCucumberTests"/>
      </group> <!-- cucumber -->
    </groups>
    <test started-at="2024-03-25T18:09:19 IST" name="Default test" finished-at="2024-03-25T18:10:29 IST" duration-ms="69748">
      <class name="Runnerpack.Runner">
        <test-method is-config="true" signature="setUpClass(org.testng.ITestContext)[pri:0, instance:Runnerpack.Runner@368247b9]" started-at="2024-03-25T18:09:19 IST" name="setUpClass" finished-at="2024-03-25T18:09:19 IST" duration-ms="401" status="PASS">
          <params>
            <param index="0">
              <value>
                <![CDATA[org.testng.TestRunner@403c3a01]]>
              </value>
            </param>
          </params>
          <reporter-output>
          </reporter-output>
        </test-method> <!-- setUpClass -->
        <test-method signature="runScenario(io.cucumber.testng.PickleWrapper,io.cucumber.testng.FeatureWrapper)[pri:0, instance:Runnerpack.Runner@368247b9]" started-at="2024-03-25T18:09:19 IST" name="runScenario" description="Runs Cucumber Scenarios" data-provider="scenarios" finished-at="2024-03-25T18:09:20 IST" duration-ms="128" status="PASS">
          <params>
            <param index="0">
              <value>
                <![CDATA["check Purchase Receipt function flow is successfully submitted"]]>
              </value>
            </param>
            <param index="1">
              <value>
                <![CDATA["feature to test Purchase Receipt functionality"]]>
              </value>
            </param>
          </params>
          <reporter-output>
          </reporter-output>
        </test-method> <!-- runScenario -->
        <test-method signature="runScenario(io.cucumber.testng.PickleWrapper,io.cucumber.testng.FeatureWrapper)[pri:0, instance:Runnerpack.Runner@368247b9]" started-at="2024-03-25T18:09:20 IST" name="runScenario" description="Runs Cucumber Scenarios" data-provider="scenarios" finished-at="2024-03-25T18:10:29 IST" duration-ms="69163" status="PASS">
          <params>
            <param index="0">
              <value>
                <![CDATA["check login is successful with valid credentials"]]>
              </value>
            </param>
            <param index="1">
              <value>
                <![CDATA["feature to test login functionality"]]>
              </value>
            </param>
          </params>
          <reporter-output>
          </reporter-output>
        </test-method> <!-- runScenario -->
        <test-method is-config="true" signature="tearDownClass()[pri:0, instance:Runnerpack.Runner@368247b9]" started-at="2024-03-25T18:10:29 IST" name="tearDownClass" finished-at="2024-03-25T18:10:29 IST" duration-ms="3" status="PASS">
          <reporter-output>
          </reporter-output>
        </test-method> <!-- tearDownClass -->
      </class> <!-- Runnerpack.Runner -->
    </test> <!-- Default test -->
  </suite> <!-- Default suite -->
</testng-results>
